2024-11-09 20:37:25,275 - mmdet - INFO - Environment info:
------------------------------------------------------------
sys.platform: linux
Python: 3.8.20 (default, Oct  3 2024, 15:24:27) [GCC 11.2.0]
CUDA available: True
GPU 0,1: NVIDIA GeForce RTX 3090 Ti
CUDA_HOME: /usr/local/cuda-11.1
NVCC: Build cuda_11.1.TC455_06.29190527_0
GCC: gcc (Ubuntu 7.5.0-6ubuntu2) 7.5.0
PyTorch: 1.9.1+cu111
PyTorch compiling details: PyTorch built with:
  - GCC 7.3
  - C++ Version: 201402
  - Intel(R) Math Kernel Library Version 2020.0.0 Product Build 20191122 for Intel(R) 64 architecture applications
  - Intel(R) MKL-DNN v2.1.2 (Git Hash 98be7e8afa711dc9b66c8ff3504129cb82013cdb)
  - OpenMP 201511 (a.k.a. OpenMP 4.5)
  - NNPACK is enabled
  - CPU capability usage: AVX2
  - CUDA Runtime 11.1
  - NVCC architecture flags: -gencode;arch=compute_37,code=sm_37;-gencode;arch=compute_50,code=sm_50;-gencode;arch=compute_60,code=sm_60;-gencode;arch=compute_70,code=sm_70;-gencode;arch=compute_75,code=sm_75;-gencode;arch=compute_80,code=sm_80;-gencode;arch=compute_86,code=sm_86
  - CuDNN 8.0.5
  - Magma 2.5.2
  - Build settings: BLAS_INFO=mkl, BUILD_TYPE=Release, CUDA_VERSION=11.1, CUDNN_VERSION=8.0.5, CXX_COMPILER=/opt/rh/devtoolset-7/root/usr/bin/c++, CXX_FLAGS= -Wno-deprecated -fvisibility-inlines-hidden -DUSE_PTHREADPOOL -fopenmp -DNDEBUG -DUSE_KINETO -DUSE_FBGEMM -DUSE_QNNPACK -DUSE_PYTORCH_QNNPACK -DUSE_XNNPACK -DSYMBOLICATE_MOBILE_DEBUG_HANDLE -O2 -fPIC -Wno-narrowing -Wall -Wextra -Werror=return-type -Wno-missing-field-initializers -Wno-type-limits -Wno-array-bounds -Wno-unknown-pragmas -Wno-sign-compare -Wno-unused-parameter -Wno-unused-variable -Wno-unused-function -Wno-unused-result -Wno-unused-local-typedefs -Wno-strict-overflow -Wno-strict-aliasing -Wno-error=deprecated-declarations -Wno-stringop-overflow -Wno-psabi -Wno-error=pedantic -Wno-error=redundant-decls -Wno-error=old-style-cast -fdiagnostics-color=always -faligned-new -Wno-unused-but-set-variable -Wno-maybe-uninitialized -fno-math-errno -fno-trapping-math -Werror=format -Wno-stringop-overflow, LAPACK_INFO=mkl, PERF_WITH_AVX=1, PERF_WITH_AVX2=1, PERF_WITH_AVX512=1, TORCH_VERSION=1.9.1, USE_CUDA=ON, USE_CUDNN=ON, USE_EXCEPTION_PTR=1, USE_GFLAGS=OFF, USE_GLOG=OFF, USE_MKL=ON, USE_MKLDNN=ON, USE_MPI=OFF, USE_NCCL=ON, USE_NNPACK=ON, USE_OPENMP=ON, 

TorchVision: 0.10.1+cu111
OpenCV: 4.10.0
MMCV: 1.4.8
MMCV Compiler: GCC 7.5
MMCV CUDA Compiler: 11.1
MMDetection: 2.19.1
MMSegmentation: 0.20.2
MMDetection3D: 1.0.0rc0+55419bb
------------------------------------------------------------

2024-11-09 20:37:25,702 - mmdet - INFO - Distributed training: True
2024-11-09 20:37:26,173 - mmdet - INFO - Config:
checkpoint_config = dict(interval=6)
log_config = dict(
    interval=50,
    hooks=[dict(type='TextLoggerHook'),
           dict(type='TensorboardLoggerHook')])
dist_params = dict(backend='nccl')
log_level = 'INFO'
work_dir = 'work_dirs/sparse4d_r101_H1'
load_from = 'fcos3d.pth'
resume_from = None
workflow = [('train', 1)]
plugin = True
plugin_dir = 'projects/mmdet3d_plugin/'
fp16 = dict(loss_scale=32.0)
optimizer = dict(
    type='AdamW',
    lr=0.0002,
    paramwise_cfg=dict(custom_keys=dict(img_backbone=dict(lr_mult=0.1))),
    weight_decay=0.01)
optimizer_config = dict(grad_clip=dict(max_norm=35, norm_type=2))
lr_config = dict(
    policy='CosineAnnealing',
    warmup='linear',
    warmup_iters=500,
    warmup_ratio=0.3333333333333333,
    min_lr_ratio=0.001)
class_names = [
    'car', 'truck', 'construction_vehicle', 'bus', 'trailer', 'barrier',
    'motorcycle', 'bicycle', 'pedestrian', 'traffic_cone'
]
num_classes = 10
embed_dims = 256
num_groups = 8
num_decoder = 6
model = dict(
    type='Sparse4D',
    use_grid_mask=True,
    img_backbone=dict(
        type='ResNet',
        depth=101,
        num_stages=4,
        frozen_stages=1,
        norm_eval=True,
        style='caffe',
        with_cp=True,
        out_indices=(0, 1, 2, 3),
        stage_with_dcn=(False, False, True, True),
        norm_cfg=dict(type='BN2d', requires_grad=False),
        dcn=dict(type='DCNv2', deform_groups=1, fallback_on_stride=False)),
    img_neck=dict(
        type='FPN',
        num_outs=4,
        start_level=1,
        out_channels=256,
        add_extra_convs='on_output',
        relu_before_extra_convs=True,
        in_channels=[256, 512, 1024, 2048]),
    head=dict(
        type='Sparse4DHead',
        cls_threshold_to_reg=0.05,
        num_decoder=6,
        instance_bank=dict(
            type='InstanceBank',
            num_anchor=900,
            embed_dims=256,
            anchor='nuscenes_kmeans900.npy',
            anchor_handler=dict(type='SparseBox3DKeyPointsGenerator')),
        anchor_encoder=dict(
            type='SparseBox3DEncoder', embed_dims=256, vel_dims=3),
        graph_model=dict(
            type='MultiheadAttention',
            embed_dims=256,
            num_heads=8,
            batch_first=True,
            dropout=0.1),
        norm_layer=dict(type='LN', normalized_shape=256),
        ffn=dict(
            type='FFN',
            embed_dims=256,
            feedforward_channels=512,
            num_fcs=2,
            ffn_drop=0.1,
            act_cfg=dict(type='ReLU', inplace=True)),
        deformable_model=dict(
            type='DeformableFeatureAggregation',
            embed_dims=256,
            num_groups=8,
            num_levels=4,
            num_cams=6,
            proj_drop=0.1,
            kps_generator=dict(
                type='SparseBox3DKeyPointsGenerator',
                num_learnable_pts=6,
                fix_scale=[[0, 0, 0], [0.45, 0, 0], [-0.45, 0, 0],
                           [0, 0.45, 0], [0, -0.45, 0], [0, 0, 0.45],
                           [0, 0, -0.45]])),
        refine_layer=dict(
            type='SparseBox3DRefinementModule', embed_dims=256, num_cls=10),
        sampler=dict(
            type='SparseBox3DTarget',
            cls_weight=2.0,
            box_weight=0.25,
            reg_weights=[2.0, 2.0, 2.0, 1.0, 1.0, 1.0, 1.0, 1.0, 1.0, 1.0],
            cls_wise_reg_weights=dict(
                {9: [1.0, 1.0, 1.0, 1.0, 1.0, 1.0, 0.0, 0.0, 1.0, 1.0]})),
        loss_cls=dict(
            type='FocalLoss',
            use_sigmoid=True,
            gamma=2.0,
            alpha=0.25,
            loss_weight=2.0),
        loss_reg=dict(type='L1Loss', loss_weight=0.25),
        gt_cls_key='gt_labels_3d',
        gt_reg_key='gt_bboxes_3d',
        decoder=dict(type='SparseBox3DDecoder'),
        reg_weights=[2.0, 2.0, 2.0, 1.0, 1.0, 1.0, 1.0, 1.0, 1.0, 1.0],
        kps_generator=dict(
            type='SparseBox3DKeyPointsGenerator',
            fix_scale=[[0, 0, 0], [0.45, 0, 0], [-0.45, 0, 0], [0, 0.45, 0],
                       [0, -0.45, 0], [0, 0, 0.45], [0, 0, -0.45]]),
        depth_module=dict(type='DepthReweightModule', embed_dims=256)))
dataset_type = 'NuScenes3DDetTrackDataset'
data_root = 'data/nuscenes/'
anno_root = 'data/nuscenes_cam/'
file_client_args = dict(backend='disk')
img_crop_range = [260, 900, 0, 1600]
img_norm_cfg = dict(
    mean=[103.53, 116.28, 123.675], std=[1.0, 1.0, 1.0], to_rgb=False)
train_pipeline = [
    dict(type='LoadMultiViewImageFromFiles', to_float32=True),
    dict(type='CustomCropMultiViewImage', crop_range=[260, 900, 0, 1600]),
    dict(type='PhotoMetricDistortionMultiViewImage'),
    dict(
        type='NormalizeMultiviewImage',
        mean=[103.53, 116.28, 123.675],
        std=[1.0, 1.0, 1.0],
        to_rgb=False),
    dict(
        type='LoadAnnotations3D',
        with_bbox_3d=True,
        with_label_3d=True,
        with_attr_label=False),
    dict(
        type='CircleObjectRangeFilter',
        class_dist_thred=[55, 55, 55, 55, 55, 55, 55, 55, 55, 55]),
    dict(
        type='ObjectNameFilter',
        classes=[
            'car', 'truck', 'construction_vehicle', 'bus', 'trailer',
            'barrier', 'motorcycle', 'bicycle', 'pedestrian', 'traffic_cone'
        ]),
    dict(
        type='DefaultFormatBundle3D',
        class_names=[
            'car', 'truck', 'construction_vehicle', 'bus', 'trailer',
            'barrier', 'motorcycle', 'bicycle', 'pedestrian', 'traffic_cone'
        ]),
    dict(type='NuScenesSparse4DAdaptor'),
    dict(
        type='Collect3D',
        keys=[
            'gt_bboxes_3d', 'gt_labels_3d', 'img', 'timestamp',
            'projection_mat', 'image_wh'
        ],
        meta_keys=['timestamp', 'T_global', 'T_global_inv'])
]
test_pipeline = [
    dict(type='LoadMultiViewImageFromFiles', to_float32=True),
    dict(type='CustomCropMultiViewImage', crop_range=[260, 900, 0, 1600]),
    dict(
        type='NormalizeMultiviewImage',
        mean=[103.53, 116.28, 123.675],
        std=[1.0, 1.0, 1.0],
        to_rgb=False),
    dict(
        type='DefaultFormatBundle3D',
        class_names=[
            'car', 'truck', 'construction_vehicle', 'bus', 'trailer',
            'barrier', 'motorcycle', 'bicycle', 'pedestrian', 'traffic_cone'
        ],
        with_label=False),
    dict(type='NuScenesSparse4DAdaptor'),
    dict(
        type='Collect3D',
        keys=['img', 'timestamp', 'projection_mat', 'image_wh'],
        meta_keys=['timestamp', 'T_global', 'T_global_inv'])
]
input_modality = dict(
    use_lidar=False,
    use_camera=True,
    use_radar=False,
    use_map=False,
    use_external=False)
data_basic_config = dict(
    type='NuScenes3DDetTrackDataset',
    data_root='data/nuscenes/',
    classes=[
        'car', 'truck', 'construction_vehicle', 'bus', 'trailer', 'barrier',
        'motorcycle', 'bicycle', 'pedestrian', 'traffic_cone'
    ],
    modality=dict(
        use_lidar=False,
        use_camera=True,
        use_radar=False,
        use_map=False,
        use_external=False),
    box_type_3d='LiDAR',
    version='v1.0-trainval')
data = dict(
    samples_per_gpu=1,
    workers_per_gpu=2,
    train=dict(
        type='NuScenes3DDetTrackDataset',
        data_root='data/nuscenes/',
        classes=[
            'car', 'truck', 'construction_vehicle', 'bus', 'trailer',
            'barrier', 'motorcycle', 'bicycle', 'pedestrian', 'traffic_cone'
        ],
        modality=dict(
            use_lidar=False,
            use_camera=True,
            use_radar=False,
            use_map=False,
            use_external=False),
        box_type_3d='LiDAR',
        version='v1.0-trainval',
        ann_file='data/nuscenes_cam/nuscenes_infos_train.pkl',
        pipeline=[
            dict(type='LoadMultiViewImageFromFiles', to_float32=True),
            dict(
                type='CustomCropMultiViewImage',
                crop_range=[260, 900, 0, 1600]),
            dict(type='PhotoMetricDistortionMultiViewImage'),
            dict(
                type='NormalizeMultiviewImage',
                mean=[103.53, 116.28, 123.675],
                std=[1.0, 1.0, 1.0],
                to_rgb=False),
            dict(
                type='LoadAnnotations3D',
                with_bbox_3d=True,
                with_label_3d=True,
                with_attr_label=False),
            dict(
                type='CircleObjectRangeFilter',
                class_dist_thred=[55, 55, 55, 55, 55, 55, 55, 55, 55, 55]),
            dict(
                type='ObjectNameFilter',
                classes=[
                    'car', 'truck', 'construction_vehicle', 'bus', 'trailer',
                    'barrier', 'motorcycle', 'bicycle', 'pedestrian',
                    'traffic_cone'
                ]),
            dict(
                type='DefaultFormatBundle3D',
                class_names=[
                    'car', 'truck', 'construction_vehicle', 'bus', 'trailer',
                    'barrier', 'motorcycle', 'bicycle', 'pedestrian',
                    'traffic_cone'
                ]),
            dict(type='NuScenesSparse4DAdaptor'),
            dict(
                type='Collect3D',
                keys=[
                    'gt_bboxes_3d', 'gt_labels_3d', 'img', 'timestamp',
                    'projection_mat', 'image_wh'
                ],
                meta_keys=['timestamp', 'T_global', 'T_global_inv'])
        ],
        test_mode=False),
    val=dict(
        type='NuScenes3DDetTrackDataset',
        data_root='data/nuscenes/',
        classes=[
            'car', 'truck', 'construction_vehicle', 'bus', 'trailer',
            'barrier', 'motorcycle', 'bicycle', 'pedestrian', 'traffic_cone'
        ],
        modality=dict(
            use_lidar=False,
            use_camera=True,
            use_radar=False,
            use_map=False,
            use_external=False),
        box_type_3d='LiDAR',
        version='v1.0-trainval',
        ann_file='data/nuscenes_cam/nuscenes_infos_val.pkl',
        pipeline=[
            dict(type='LoadMultiViewImageFromFiles', to_float32=True),
            dict(
                type='CustomCropMultiViewImage',
                crop_range=[260, 900, 0, 1600]),
            dict(
                type='NormalizeMultiviewImage',
                mean=[103.53, 116.28, 123.675],
                std=[1.0, 1.0, 1.0],
                to_rgb=False),
            dict(
                type='DefaultFormatBundle3D',
                class_names=[
                    'car', 'truck', 'construction_vehicle', 'bus', 'trailer',
                    'barrier', 'motorcycle', 'bicycle', 'pedestrian',
                    'traffic_cone'
                ],
                with_label=False),
            dict(type='NuScenesSparse4DAdaptor'),
            dict(
                type='Collect3D',
                keys=['img', 'timestamp', 'projection_mat', 'image_wh'],
                meta_keys=['timestamp', 'T_global', 'T_global_inv'])
        ],
        test_mode=True),
    test=dict(
        type='NuScenes3DDetTrackDataset',
        data_root='data/nuscenes/',
        classes=[
            'car', 'truck', 'construction_vehicle', 'bus', 'trailer',
            'barrier', 'motorcycle', 'bicycle', 'pedestrian', 'traffic_cone'
        ],
        modality=dict(
            use_lidar=False,
            use_camera=True,
            use_radar=False,
            use_map=False,
            use_external=False),
        box_type_3d='LiDAR',
        version='v1.0-trainval',
        ann_file='data/nuscenes_cam/nuscenes_infos_val.pkl',
        pipeline=[
            dict(type='LoadMultiViewImageFromFiles', to_float32=True),
            dict(
                type='CustomCropMultiViewImage',
                crop_range=[260, 900, 0, 1600]),
            dict(
                type='NormalizeMultiviewImage',
                mean=[103.53, 116.28, 123.675],
                std=[1.0, 1.0, 1.0],
                to_rgb=False),
            dict(
                type='DefaultFormatBundle3D',
                class_names=[
                    'car', 'truck', 'construction_vehicle', 'bus', 'trailer',
                    'barrier', 'motorcycle', 'bicycle', 'pedestrian',
                    'traffic_cone'
                ],
                with_label=False),
            dict(type='NuScenesSparse4DAdaptor'),
            dict(
                type='Collect3D',
                keys=['img', 'timestamp', 'projection_mat', 'image_wh'],
                meta_keys=['timestamp', 'T_global', 'T_global_inv'])
        ],
        test_mode=True))
vis_pipeline = [
    dict(type='LoadMultiViewImageFromFiles', to_float32=True),
    dict(
        type='DefaultFormatBundle3D',
        class_names=[
            'car', 'truck', 'construction_vehicle', 'bus', 'trailer',
            'barrier', 'motorcycle', 'bicycle', 'pedestrian', 'traffic_cone'
        ],
        with_label=False),
    dict(type='Collect3D', keys=['img'], meta_keys=['timestamp', 'lidar2img'])
]
total_epochs = 24
evaluation = dict(
    interval=24,
    pipeline=[
        dict(type='LoadMultiViewImageFromFiles', to_float32=True),
        dict(
            type='DefaultFormatBundle3D',
            class_names=[
                'car', 'truck', 'construction_vehicle', 'bus', 'trailer',
                'barrier', 'motorcycle', 'bicycle', 'pedestrian',
                'traffic_cone'
            ],
            with_label=False),
        dict(
            type='Collect3D',
            keys=['img'],
            meta_keys=['timestamp', 'lidar2img'])
    ])
runner = dict(type='EpochBasedRunner', max_epochs=24)
gpu_ids = range(0, 2)

2024-11-09 20:37:26,173 - mmdet - INFO - Set random seed to 0, deterministic: False
